\BOOKMARK [1][-]{section.1}{\376\377\000I\000n\000t\000r\000o\000d\000u\000c\000t\000i\000o\000n}{}% 1
\BOOKMARK [1][-]{section.2}{\376\377\000R\000e\000l\000a\000t\000e\000d\000\040\000W\000o\000r\000k}{}% 2
\BOOKMARK [1][-]{section.3}{\376\377\000F\000o\000r\000m\000a\000l\000\040\000F\000r\000a\000m\000i\000n\000g}{}% 3
\BOOKMARK [2][-]{subsection.3.1}{\376\377\000R\000o\000u\000t\000i\000n\000g\000\040\000a\000s\000\040\000A\000m\000o\000r\000t\000i\000z\000e\000d\000\040\000P\000o\000s\000t\000e\000r\000i\000o\000r\000\040\000I\000n\000f\000e\000r\000e\000n\000c\000e}{section.3}% 4
\BOOKMARK [2][-]{subsection.3.2}{\376\377\000E\000n\000t\000r\000o\000p\000y\000\040\000F\000i\000e\000l\000d\000\040\000D\000e\000f\000i\000n\000i\000t\000i\000o\000n\000s}{section.3}% 5
\BOOKMARK [2][-]{subsection.3.3}{\376\377\000R\000o\000u\000t\000i\000n\000g\000\040\000D\000e\000c\000i\000s\000i\000o\000n}{section.3}% 6
\BOOKMARK [2][-]{subsection.3.4}{\376\377\000F\000a\000l\000s\000i\000f\000i\000a\000b\000l\000e\000\040\000P\000r\000e\000d\000i\000c\000t\000i\000o\000n\000s\000\040\000a\000n\000d\000\040\000H\000y\000p\000o\000t\000h\000e\000s\000e\000s}{section.3}% 7
\BOOKMARK [2][-]{subsection.3.5}{\376\377\000W\000h\000y\000\040\000C\000a\000l\000i\000b\000r\000a\000t\000i\000o\000n\000\040\000I\000s\000\040\000t\000h\000e\000\040\000R\000i\000g\000h\000t\000\040\000M\000e\000t\000r\000i\000c}{section.3}% 8
\BOOKMARK [1][-]{section.4}{\376\377\000T\000h\000e\000\040\000P\000l\000a\000n\000t\000S\000w\000a\000r\000m\000\040\000S\000y\000s\000t\000e\000m}{}% 9
\BOOKMARK [2][-]{subsection.4.1}{\376\377\000S\000h\000a\000r\000e\000d\000\040\000C\000o\000n\000t\000e\000x\000t\000\040\000B\000u\000f\000f\000e\000r}{section.4}% 10
\BOOKMARK [2][-]{subsection.4.2}{\376\377\000A\000g\000e\000n\000t\000\040\000D\000e\000s\000i\000g\000n}{section.4}% 11
\BOOKMARK [2][-]{subsection.4.3}{\376\377\000R\000o\000u\000t\000i\000n\000g\000\040\000P\000r\000o\000t\000o\000c\000o\000l\000\040\000a\000n\000d\000\040\000C\000o\000n\000t\000e\000x\000t\000\040\000M\000e\000c\000h\000a\000n\000i\000s\000m\000s}{section.4}% 12
\BOOKMARK [1][-]{section.5}{\376\377\000T\000r\000a\000c\000e\000:\000\040\000F\000u\000l\000l\000\040\000U\000Q\000\040\000W\000a\000l\000k\000t\000h\000r\000o\000u\000g\000h}{}% 13
\BOOKMARK [1][-]{section.6}{\376\377\000E\000x\000p\000e\000r\000i\000m\000e\000n\000t\000a\000l\000\040\000S\000e\000t\000u\000p}{}% 14
\BOOKMARK [1][-]{section.7}{\376\377\000R\000e\000s\000u\000l\000t\000s}{}% 15
\BOOKMARK [2][-]{subsection.7.1}{\376\377\000M\000a\000i\000n\000\040\000R\000e\000s\000u\000l\000t\000s\000\040\000\050\000R\000Q\0001\000,\000\040\000H\0003\000,\000\040\000H\0004\000\051}{section.7}% 16
\BOOKMARK [2][-]{subsection.7.2}{\376\377\000A\000b\000l\000a\000t\000i\000o\000n\000\040\000R\000e\000s\000u\000l\000t\000s\000\040\000\050\000R\000Q\0002\000\051}{section.7}% 17
\BOOKMARK [2][-]{subsection.7.3}{\376\377\000P\000r\000e\000d\000i\000c\000t\000i\000o\000n\000s\000\040\000a\000n\000d\000\040\000M\000e\000c\000h\000a\000n\000i\000s\000m\000\040\000V\000a\000l\000i\000d\000a\000t\000i\000o\000n\000\040\000\050\000R\000Q\0003\000\051}{section.7}% 18
\BOOKMARK [2][-]{subsection.7.4}{\376\377\000P\000a\000t\000h\000o\000g\000e\000n\000\040\000D\000i\000f\000f\000i\000c\000u\000l\000t\000y\000\040\000S\000c\000o\000r\000e\000\040\000\050\000H\0005\000,\000\040\000H\0006\000\051}{section.7}% 19
\BOOKMARK [1][-]{section.8}{\376\377\000D\000i\000s\000c\000u\000s\000s\000i\000o\000n}{}% 20
\BOOKMARK [1][-]{section.9}{\376\377\000C\000o\000n\000c\000l\000u\000s\000i\000o\000n}{}% 21
\BOOKMARK [1][-]{appendix.A}{\376\377\000A\000l\000g\000o\000r\000i\000t\000h\000m\000s}{}% 22
\BOOKMARK [1][-]{appendix.B}{\376\377\000F\000u\000l\000l\000\040\000A\000g\000e\000n\000t\000\040\000P\000r\000o\000m\000p\000t\000s}{}% 23
\BOOKMARK [1][-]{appendix.C}{\376\377\000B\000e\000n\000c\000h\000m\000a\000r\000k\000\040\000C\000o\000n\000s\000t\000r\000u\000c\000t\000i\000o\000n}{}% 24
\BOOKMARK [1][-]{appendix.D}{\376\377\000D\000a\000t\000a\000s\000e\000t\000\040\000l\000i\000c\000e\000n\000c\000e\000s}{}% 25
\BOOKMARK [1][-]{appendix.E}{\376\377\000E\000n\000t\000r\000o\000p\000y\000\040\000F\000i\000e\000l\000d\000\040\000I\000m\000p\000l\000e\000m\000e\000n\000t\000a\000t\000i\000o\000n}{}% 26
\BOOKMARK [1][-]{appendix.F}{\376\377\000B\000u\000d\000g\000e\000t\000\040\000S\000e\000n\000s\000i\000t\000i\000v\000i\000t\000y}{}% 27
\BOOKMARK [1][-]{appendix.G}{\376\377\000P\000a\000t\000h\000\040\000C\000l\000u\000s\000t\000e\000r\000i\000n\000g}{}% 28
\BOOKMARK [1][-]{appendix.H}{\376\377\000H\000e\000d\000g\000e\000\040\000L\000e\000x\000i\000c\000o\000n}{}% 29
